2003.06.23 16:53 B E:\Summer School 2003 web page\castawayblue.jpg --> students.stritch.edu /students/sjhuibregtse/framesdemo castawayblue.jpg
2003.06.23 16:53 B E:\Summer School 2003 web page\coloring.jpg --> students.stritch.edu /students/sjhuibregtse/framesdemo coloring.jpg
2003.06.23 16:53 B E:\Summer School 2003 web page\dayeight.html --> students.stritch.edu /students/sjhuibregtse/framesdemo dayeight.html
2003.06.23 16:53 B E:\Summer School 2003 web page\dayeighteen.html --> students.stritch.edu /students/sjhuibregtse/framesdemo dayeighteen.html
2003.06.23 16:53 B E:\Summer School 2003 web page\dayeleven.html --> students.stritch.edu /students/sjhuibregtse/framesdemo dayeleven.html
2003.06.23 16:53 B E:\Summer School 2003 web page\dayfifteen.html --> students.stritch.edu /students/sjhuibregtse/framesdemo dayfifteen.html
2003.06.23 16:53 B E:\Summer School 2003 web page\dayfive.html --> students.stritch.edu /students/sjhuibregtse/framesdemo dayfive.html
2003.06.23 16:53 B E:\Summer School 2003 web page\dayfour.html --> students.stritch.edu /students/sjhuibregtse/framesdemo dayfour.html
2003.06.23 16:53 B E:\Summer School 2003 web page\dayfourteen.html --> students.stritch.edu /students/sjhuibregtse/framesdemo dayfourteen.html
2003.06.23 16:53 B E:\Summer School 2003 web page\daynine.html --> students.stritch.edu /students/sjhuibregtse/framesdemo daynine.html
2003.06.23 16:53 B E:\Summer School 2003 web page\daynineteen.html --> students.stritch.edu /students/sjhuibregtse/framesdemo daynineteen.html
2003.06.23 16:53 B E:\Summer School 2003 web page\dayone.html --> students.stritch.edu /students/sjhuibregtse/framesdemo dayone.html
2003.06.23 16:53 B E:\Summer School 2003 web page\dayseven.html --> students.stritch.edu /students/sjhuibregtse/framesdemo dayseven.html
2003.06.23 16:53 B E:\Summer School 2003 web page\dayseventeen.html --> students.stritch.edu /students/sjhuibregtse/framesdemo dayseventeen.html
2003.06.23 16:53 B E:\Summer School 2003 web page\daysix.html --> students.stritch.edu /students/sjhuibregtse/framesdemo daysix.html
2003.06.23 16:53 B E:\Summer School 2003 web page\daysixteen.html --> students.stritch.edu /students/sjhuibregtse/framesdemo daysixteen.html
2003.06.23 16:53 B E:\Summer School 2003 web page\dayten.html --> students.stritch.edu /students/sjhuibregtse/framesdemo dayten.html
2003.06.23 16:53 B E:\Summer School 2003 web page\daythirteen.html --> students.stritch.edu /students/sjhuibregtse/framesdemo daythirteen.html
2003.06.23 16:53 B E:\Summer School 2003 web page\daythree.html --> students.stritch.edu /students/sjhuibregtse/framesdemo daythree.html
2003.06.23 16:53 B E:\Summer School 2003 web page\daytwelve.html --> students.stritch.edu /students/sjhuibregtse/framesdemo daytwelve.html
2003.06.23 16:53 B E:\Summer School 2003 web page\daytwo.html --> students.stritch.edu /students/sjhuibregtse/framesdemo daytwo.html
2003.06.23 16:53 B E:\Summer School 2003 web page\dolphinclr.gif --> students.stritch.edu /students/sjhuibregtse/framesdemo dolphinclr.gif
2003.06.23 16:53 B E:\Summer School 2003 web page\ewally.html --> students.stritch.edu /students/sjhuibregtse/framesdemo ewally.html
2003.06.23 16:53 B E:\Summer School 2003 web page\ewally.jpg --> students.stritch.edu /students/sjhuibregtse/framesdemo ewally.jpg
2003.06.23 16:53 B E:\Summer School 2003 web page\five1.jpg --> students.stritch.edu /students/sjhuibregtse/framesdemo five1.jpg
2003.06.23 16:53 B E:\Summer School 2003 web page\five10.jpg --> students.stritch.edu /students/sjhuibregtse/framesdemo five10.jpg
2003.06.23 16:53 B E:\Summer School 2003 web page\five11.jpg --> students.stritch.edu /students/sjhuibregtse/framesdemo five11.jpg
2003.06.23 16:53 B E:\Summer School 2003 web page\five12.jpg --> students.stritch.edu /students/sjhuibregtse/framesdemo five12.jpg
2003.06.23 16:53 B E:\Summer School 2003 web page\five13.jpg --> students.stritch.edu /students/sjhuibregtse/framesdemo five13.jpg
2003.06.23 16:53 B E:\Summer School 2003 web page\five2.jpg --> students.stritch.edu /students/sjhuibregtse/framesdemo five2.jpg
2003.06.23 16:53 B E:\Summer School 2003 web page\five3.jpg --> students.stritch.edu /students/sjhuibregtse/framesdemo five3.jpg
2003.06.23 16:53 B E:\Summer School 2003 web page\five4.jpg --> students.stritch.edu /students/sjhuibregtse/framesdemo five4.jpg
2003.06.23 16:53 B E:\Summer School 2003 web page\five5.jpg --> students.stritch.edu /students/sjhuibregtse/framesdemo five5.jpg
2003.06.23 16:53 B E:\Summer School 2003 web page\five6.jpg --> students.stritch.edu /students/sjhuibregtse/framesdemo five6.jpg
2003.06.23 16:54 B E:\Summer School 2003 web page\five7.jpg --> students.stritch.edu /students/sjhuibregtse/framesdemo five7.jpg
2003.06.23 16:54 B E:\Summer School 2003 web page\five8.jpg --> students.stritch.edu /students/sjhuibregtse/framesdemo five8.jpg
2003.06.23 16:54 B E:\Summer School 2003 web page\five9.jpg --> students.stritch.edu /students/sjhuibregtse/framesdemo five9.jpg
2003.06.23 16:54 B E:\Summer School 2003 web page\four1.jpg --> students.stritch.edu /students/sjhuibregtse/framesdemo four1.jpg
2003.06.23 16:54 B E:\Summer School 2003 web page\four10.jpg --> students.stritch.edu /students/sjhuibregtse/framesdemo four10.jpg
2003.06.23 16:54 B E:\Summer School 2003 web page\four11.jpg --> students.stritch.edu /students/sjhuibregtse/framesdemo four11.jpg
2003.06.23 16:54 B E:\Summer School 2003 web page\four12.jpg --> students.stritch.edu /students/sjhuibregtse/framesdemo four12.jpg
2003.06.23 16:54 B E:\Summer School 2003 web page\four13.jpg --> students.stritch.edu /students/sjhuibregtse/framesdemo four13.jpg
2003.06.23 16:54 B E:\Summer School 2003 web page\four14.jpg --> students.stritch.edu /students/sjhuibregtse/framesdemo four14.jpg
2003.06.23 16:54 B E:\Summer School 2003 web page\four15.jpg --> students.stritch.edu /students/sjhuibregtse/framesdemo four15.jpg
2003.06.23 16:54 B E:\Summer School 2003 web page\four16.jpg --> students.stritch.edu /students/sjhuibregtse/framesdemo four16.jpg
2003.06.23 16:54 B E:\Summer School 2003 web page\four2.jpg --> students.stritch.edu /students/sjhuibregtse/framesdemo four2.jpg
2003.06.23 16:54 B E:\Summer School 2003 web page\four3.jpg --> students.stritch.edu /students/sjhuibregtse/framesdemo four3.jpg
2003.06.23 16:54 B E:\Summer School 2003 web page\four4.jpg --> students.stritch.edu /students/sjhuibregtse/framesdemo four4.jpg
2003.06.23 16:54 B E:\Summer School 2003 web page\four5.jpg --> students.stritch.edu /students/sjhuibregtse/framesdemo four5.jpg
2003.06.23 16:54 B E:\Summer School 2003 web page\four6.jpg --> students.stritch.edu /students/sjhuibregtse/framesdemo four6.jpg
2003.06.23 16:54 B E:\Summer School 2003 web page\four7.jpg --> students.stritch.edu /students/sjhuibregtse/framesdemo four7.jpg
2003.06.23 16:54 B E:\Summer School 2003 web page\four8.jpg --> students.stritch.edu /students/sjhuibregtse/framesdemo four8.jpg
2003.06.23 16:54 B E:\Summer School 2003 web page\four9.jpg --> students.stritch.edu /students/sjhuibregtse/framesdemo four9.jpg
2003.06.23 16:54 B E:\Summer School 2003 web page\framedef.html --> students.stritch.edu /students/sjhuibregtse/framesdemo framedef.html
2003.06.23 16:54 B E:\Summer School 2003 web page\guide.html --> students.stritch.edu /students/sjhuibregtse/framesdemo guide.html
2003.06.23 16:54 B E:\Summer School 2003 web page\home.html --> students.stritch.edu /students/sjhuibregtse/framesdemo home.html
2003.06.23 16:54 B E:\Summer School 2003 web page\index.html --> students.stritch.edu /students/sjhuibregtse/framesdemo index.html
2003.06.23 16:54 B E:\Summer School 2003 web page\keyboarders.jpg --> students.stritch.edu /students/sjhuibregtse/framesdemo keyboarders.jpg
2003.06.23 16:54 B E:\Summer School 2003 web page\keyboarding.jpg --> students.stritch.edu /students/sjhuibregtse/framesdemo keyboarding.jpg
2003.06.23 16:54 B E:\Summer School 2003 web page\keyboardprac.gif --> students.stritch.edu /students/sjhuibregtse/framesdemo keyboardprac.gif
2003.06.23 16:54 B E:\Summer School 2003 web page\links.html --> students.stritch.edu /students/sjhuibregtse/framesdemo links.html
2003.06.23 16:54 B E:\Summer School 2003 web page\menu.html --> students.stritch.edu /students/sjhuibregtse/framesdemo menu.html
2003.06.23 16:54 B E:\Summer School 2003 web page\minilab.JPG --> students.stritch.edu /students/sjhuibregtse/framesdemo minilab.JPG
2003.06.23 16:54 B E:\Summer School 2003 web page\sand.gif --> students.stritch.edu /students/sjhuibregtse/framesdemo sand.gif
2003.06.23 16:54 B E:\Summer School 2003 web page\six1.jpg --> students.stritch.edu /students/sjhuibregtse/framesdemo six1.jpg
2003.06.23 16:54 B E:\Summer School 2003 web page\six2.jpg --> students.stritch.edu /students/sjhuibregtse/framesdemo six2.jpg
2003.06.23 16:54 B E:\Summer School 2003 web page\six3.jpg --> students.stritch.edu /students/sjhuibregtse/framesdemo six3.jpg
2003.06.23 16:54 B E:\Summer School 2003 web page\six4.jpg --> students.stritch.edu /students/sjhuibregtse/framesdemo six4.jpg
2003.06.23 16:54 B E:\Summer School 2003 web page\six5.jpg --> students.stritch.edu /students/sjhuibregtse/framesdemo six5.jpg
2003.06.23 16:54 B E:\Summer School 2003 web page\snack.jpg --> students.stritch.edu /students/sjhuibregtse/framesdemo snack.jpg
2003.06.23 16:55 B E:\Summer School 2003 web page\snack2.gif --> students.stritch.edu /students/sjhuibregtse/framesdemo snack2.gif
2003.06.23 16:55 B E:\Summer School 2003 web page\snackprep.gif --> students.stritch.edu /students/sjhuibregtse/framesdemo snackprep.gif
2003.06.23 16:55 B E:\Summer School 2003 web page\snackprep.jpg --> students.stritch.edu /students/sjhuibregtse/framesdemo snackprep.jpg
2003.06.23 16:55 B E:\Summer School 2003 web page\surf.jpg --> students.stritch.edu /students/sjhuibregtse/framesdemo surf.jpg
2003.06.23 16:55 B E:\Summer School 2003 web page\surfattire.jpg --> students.stritch.edu /students/sjhuibregtse/framesdemo surfattire.jpg
2003.06.23 16:55 B E:\Summer School 2003 web page\surfboards.jpg --> students.stritch.edu /students/sjhuibregtse/framesdemo surfboards.jpg
2003.06.23 16:55 B E:\Summer School 2003 web page\surfingmouse.jpg --> students.stritch.edu /students/sjhuibregtse/framesdemo surfingmouse.jpg
2003.06.23 16:55 B E:\Summer School 2003 web page\technology.jpg --> students.stritch.edu /students/sjhuibregtse/framesdemo technology.jpg
2003.06.23 16:55 B E:\Summer School 2003 web page\three1.jpg --> students.stritch.edu /students/sjhuibregtse/framesdemo three1.jpg
2003.06.23 16:55 B E:\Summer School 2003 web page\three2.jpg --> students.stritch.edu /students/sjhuibregtse/framesdemo three2.jpg
2003.06.23 16:55 B E:\Summer School 2003 web page\three3.jpg --> students.stritch.edu /students/sjhuibregtse/framesdemo three3.jpg
2003.06.23 16:55 B E:\Summer School 2003 web page\working.gif --> students.stritch.edu /students/sjhuibregtse/framesdemo working.gif
2003.06.23 16:55 B E:\Summer School 2003 web page\working.jpg --> students.stritch.edu /students/sjhuibregtse/framesdemo working.jpg
2003.06.23 16:55 B E:\Summer School 2003 web page\zachjosh.jpg --> students.stritch.edu /students/sjhuibregtse/framesdemo zachjosh.jpg
2003.06.23 18:46 B E:\Summer School 2003 web page\ewally.html --> students.stritch.edu /students/sjhuibregtse/framesdemo ewally.html
2003.06.23 18:46 B E:\Summer School 2003 web page\index.html --> students.stritch.edu /students/sjhuibregtse/framesdemo index.html
2003.07.05 10:19 B E:\Summer School 2003 web page\dayeight.html --> students.stritch.edu /students/sjhuibregtse/framesdemo dayeight.html
2003.07.05 10:19 B E:\Summer School 2003 web page\dayeighteen.html --> students.stritch.edu /students/sjhuibregtse/framesdemo dayeighteen.html
2003.07.05 10:19 B E:\Summer School 2003 web page\dayeleven.html --> students.stritch.edu /students/sjhuibregtse/framesdemo dayeleven.html
2003.07.05 10:19 B E:\Summer School 2003 web page\dayfifteen.html --> students.stritch.edu /students/sjhuibregtse/framesdemo dayfifteen.html
2003.07.05 10:19 B E:\Summer School 2003 web page\dayfive.html --> students.stritch.edu /students/sjhuibregtse/framesdemo dayfive.html
2003.07.05 10:19 B E:\Summer School 2003 web page\dayfour.html --> students.stritch.edu /students/sjhuibregtse/framesdemo dayfour.html
2003.07.05 10:19 B E:\Summer School 2003 web page\dayfourteen.html --> students.stritch.edu /students/sjhuibregtse/framesdemo dayfourteen.html
2003.07.05 10:19 B E:\Summer School 2003 web page\daynine.html --> students.stritch.edu /students/sjhuibregtse/framesdemo daynine.html
2003.07.05 10:19 B E:\Summer School 2003 web page\daynineteen.html --> students.stritch.edu /students/sjhuibregtse/framesdemo daynineteen.html
2003.07.05 10:19 B E:\Summer School 2003 web page\dayone.html --> students.stritch.edu /students/sjhuibregtse/framesdemo dayone.html
2003.07.05 10:19 B E:\Summer School 2003 web page\dayseven.html --> students.stritch.edu /students/sjhuibregtse/framesdemo dayseven.html
2003.07.05 10:19 B E:\Summer School 2003 web page\dayseventeen.html --> students.stritch.edu /students/sjhuibregtse/framesdemo dayseventeen.html
2003.07.05 10:19 B E:\Summer School 2003 web page\daysix.html --> students.stritch.edu /students/sjhuibregtse/framesdemo daysix.html
2003.07.05 10:19 B E:\Summer School 2003 web page\daysixteen.html --> students.stritch.edu /students/sjhuibregtse/framesdemo daysixteen.html
2003.07.05 10:19 B E:\Summer School 2003 web page\dayten.html --> students.stritch.edu /students/sjhuibregtse/framesdemo dayten.html
2003.07.05 10:19 B E:\Summer School 2003 web page\daythirteen.html --> students.stritch.edu /students/sjhuibregtse/framesdemo daythirteen.html
2003.07.05 10:19 B E:\Summer School 2003 web page\daythree.html --> students.stritch.edu /students/sjhuibregtse/framesdemo daythree.html
2003.07.05 10:19 B E:\Summer School 2003 web page\daytwelve.html --> students.stritch.edu /students/sjhuibregtse/framesdemo daytwelve.html
2003.07.05 10:19 B E:\Summer School 2003 web page\daytwo.html --> students.stritch.edu /students/sjhuibregtse/framesdemo daytwo.html
2003.07.05 10:20 B E:\Summer School 2003 web page\eleven1.JPG --> students.stritch.edu /students/sjhuibregtse/framesdemo eleven1.JPG
2003.07.05 10:20 B E:\Summer School 2003 web page\eleven14.JPG --> students.stritch.edu /students/sjhuibregtse/framesdemo eleven14.JPG
2003.07.05 10:21 B E:\Summer School 2003 web page\eleven17.JPG --> students.stritch.edu /students/sjhuibregtse/framesdemo eleven17.JPG
2003.07.05 10:21 B E:\Summer School 2003 web page\eleven2.JPG --> students.stritch.edu /students/sjhuibregtse/framesdemo eleven2.JPG
2003.07.05 10:21 B E:\Summer School 2003 web page\eleven23.JPG --> students.stritch.edu /students/sjhuibregtse/framesdemo eleven23.JPG
2003.07.05 10:22 B E:\Summer School 2003 web page\eleven25.JPG --> students.stritch.edu /students/sjhuibregtse/framesdemo eleven25.JPG
2003.07.05 10:22 B E:\Summer School 2003 web page\eleven26.JPG --> students.stritch.edu /students/sjhuibregtse/framesdemo eleven26.JPG
2003.07.05 10:22 B E:\Summer School 2003 web page\eleven27.JPG --> students.stritch.edu /students/sjhuibregtse/framesdemo eleven27.JPG
2003.07.05 10:22 B E:\Summer School 2003 web page\eleven28.JPG --> students.stritch.edu /students/sjhuibregtse/framesdemo eleven28.JPG
2003.07.05 10:23 B E:\Summer School 2003 web page\eleven29.JPG --> students.stritch.edu /students/sjhuibregtse/framesdemo eleven29.JPG
2003.07.05 10:23 B E:\Summer School 2003 web page\eleven30.JPG --> students.stritch.edu /students/sjhuibregtse/framesdemo eleven30.JPG
2003.07.05 10:23 B E:\Summer School 2003 web page\eleven31.JPG --> students.stritch.edu /students/sjhuibregtse/framesdemo eleven31.JPG
2003.07.05 10:24 B E:\Summer School 2003 web page\eleven4.JPG --> students.stritch.edu /students/sjhuibregtse/framesdemo eleven4.JPG
2003.07.05 10:24 B E:\Summer School 2003 web page\eleven9.JPG --> students.stritch.edu /students/sjhuibregtse/framesdemo eleven9.JPG
2003.07.05 10:24 B E:\Summer School 2003 web page\fourteen1.JPG --> students.stritch.edu /students/sjhuibregtse/framesdemo fourteen1.JPG
2003.07.05 10:25 B E:\Summer School 2003 web page\fourteen2.JPG --> students.stritch.edu /students/sjhuibregtse/framesdemo fourteen2.JPG
2003.07.05 10:25 B E:\Summer School 2003 web page\fourteen3.JPG --> students.stritch.edu /students/sjhuibregtse/framesdemo fourteen3.JPG
2003.07.05 10:25 B E:\Summer School 2003 web page\fourteen5.JPG --> students.stritch.edu /students/sjhuibregtse/framesdemo fourteen5.JPG
2003.07.05 10:26 B E:\Summer School 2003 web page\fourteen6.JPG --> students.stritch.edu /students/sjhuibregtse/framesdemo fourteen6.JPG
2003.07.05 10:26 B E:\Summer School 2003 web page\fourteen7.JPG --> students.stritch.edu /students/sjhuibregtse/framesdemo fourteen7.JPG
2003.07.05 10:26 B E:\Summer School 2003 web page\fourteen8.JPG --> students.stritch.edu /students/sjhuibregtse/framesdemo fourteen8.JPG
2003.07.05 10:26 B E:\Summer School 2003 web page\fourteen9.JPG --> students.stritch.edu /students/sjhuibregtse/framesdemo fourteen9.JPG
2003.07.05 10:27 B E:\Summer School 2003 web page\thirteen1.JPG --> students.stritch.edu /students/sjhuibregtse/framesdemo thirteen1.JPG
2003.07.05 10:28 B E:\Summer School 2003 web page\twelve1.JPG --> students.stritch.edu /students/sjhuibregtse/framesdemo twelve1.JPG
2003.07.05 10:28 B E:\Summer School 2003 web page\twelve2.JPG --> students.stritch.edu /students/sjhuibregtse/framesdemo twelve2.JPG
2003.07.05 10:28 B E:\Summer School 2003 web page\twelve3.JPG --> students.stritch.edu /students/sjhuibregtse/framesdemo twelve3.JPG
2003.07.05 10:28 B E:\Summer School 2003 web page\twelve4.JPG --> students.stritch.edu /students/sjhuibregtse/framesdemo twelve4.JPG
2003.07.05 10:30 B E:\Summer School 2003 web page\daytwelve.html --> students.stritch.edu /students/sjhuibregtse/framesdemo daytwelve.html
